2016-11-04 12:13:12 - info: 	Upload	zl	memory.txt	NID: e66cd1bc-c168-95d1-862e-99018c27146b	
2016-11-04 12:20:01 - info: 	Upload	zl	memory.txt	NID: a9138789-6525-ce6c-c228-37ea9b837484	
2016-11-04 12:21:15 - info: 	Upload	zl	memory.txt	NID: 1b5ace9a-51de-5227-32ac-806d68621108	
2016-11-04 12:21:21 - info: 	Download	zl	memory.txt	NID: 1b5ace9a-51de-5227-32ac-806d68621108	
2016-11-04 12:21:47 - info: 	Upload	zl	memory(1).txt	NID: e665d742-d281-e53a-4345-8cc45039fae6	
2016-11-04 12:21:59 - info: 	Download	zl	memory(1).txt	NID: e665d742-d281-e53a-4345-8cc45039fae6	
2016-11-04 12:22:18 - info: 	Download	zl	memory.txt	NID: 1b5ace9a-51de-5227-32ac-806d68621108	
2016-11-04 12:22:38 - info: 	Download	zl	memory.txt	NID: 1b5ace9a-51de-5227-32ac-806d68621108	
2016-11-04 12:24:01 - info: 	Download	zl	memory(1).txt	NID: e665d742-d281-e53a-4345-8cc45039fae6	
2016-11-04 12:37:39 - info: 	Download	zl	memory.txt	NID: 1b5ace9a-51de-5227-32ac-806d68621108	
2016-11-04 12:37:47 - info: 	Download	zl	memory.txt	NID: 1b5ace9a-51de-5227-32ac-806d68621108	
2016-11-04 13:30:54 - info: 	Upload	zl	memory.txt	NID: 0f785571-cb37-d424-a2e0-9e1ea16efb0d	
2016-11-04 13:31:37 - info: 	Upload	zl	git.txt	NID: 5b530a9d-375c-27a3-d143-439547648e61	
2016-11-04 13:42:20 - info: 	Upload	admin	memory.txt	NID: 59fac674-b48d-ca65-7f83-7e17ec52788b	
2016-11-04 13:42:23 - info: 	Upload	admin	git.txt	NID: 678ff6cb-a83d-e226-1596-951bdd50fcac	
2016-11-04 13:42:28 - info: 	Upload	admin	test.js	NID: 5d7d703c-2428-d70f-e8bc-6aa7ed701211	
2016-11-04 13:42:37 - info: 	Upload	admin	git.txt	NID: 1152ffe6-d30f-2a3e-a8a0-dc538878ac73	
2016-11-04 13:42:41 - info: 	Upload	admin	WpfApp.exe	NID: c916fc37-09c0-598d-cda6-4cc5aec0e378	
2016-11-04 13:54:42 - info: 	Upload	admin	[叩响C#之门].梁斌玉.扫描版.pdf	NID: 9895db40-8a46-cdb5-a993-b86f0e219db2	
2016-11-04 13:55:13 - info: 	Upload	admin	xx.png	NID: 0da59132-4557-a767-441a-aae377e8d6af	
2016-11-04 14:00:18 - info: 	Upload	admin	xx.png	NID: 656a26bb-c2d8-9058-12a5-d32b17d6fbf9	
2016-11-04 14:00:57 - info: 	Upload	admin	memory(1).txt	NID: 717d1165-d61a-050e-ea2a-d93200c5249e	
2016-11-04 14:04:21 - info: 	Download	admin	memory.txt	NID: 59fac674-b48d-ca65-7f83-7e17ec52788b	
2016-11-04 14:07:45 - info: 	Download	admin	memory.txt	NID: 59fac674-b48d-ca65-7f83-7e17ec52788b	
2016-11-04 14:08:03 - info: 	Download	admin	memory.txt	NID: 59fac674-b48d-ca65-7f83-7e17ec52788b	
2016-11-04 14:45:05 - info: 	Upload	xxx	git.txt	NID: 75557b8d-7b3e-853b-3a21-48a0006b6d5c	
2016-11-04 14:46:07 - info: 	Upload	zl	memory.txt	NID: 9a040e85-27c0-3d82-3a05-697717fbe2b4	
